Server running on port 5000
Database connection failed: SqlError: (conn:-1, no: 45028, SQLState: HY000) retrieve connection from pool timeout after 10003ms
    (pool connections: active=0 idle=0 limit=5)
    at module.exports.createError (/var/www/kenyon_car_connect/kenyon-car-connect/node_modules/mariadb/lib/misc/errors.js:65:21)
    at Pool._requestTimeoutHandler (/var/www/kenyon_car_connect/kenyon-car-connect/node_modules/mariadb/lib/pool.js:354:26)
    at listOnTimeout (node:internal/timers:569:17)
    at process.processTimers (node:internal/timers:512:7) {
  sqlMessage: 'retrieve connection from pool timeout after 10003ms\n' +
    '    (pool connections: active=0 idle=0 limit=5)',
  sql: null,
  fatal: false,
  errno: 45028,
  sqlState: 'HY000',
  code: 'ER_GET_CONNECTION_TIMEOUT',
  [cause]: SqlError: Error during pool initialization: (conn:60, no: 1045, SQLState: 28000) Access denied for user 'kenyon_user'@'localhost' (using password: NO)
      (pool connections: active=0 idle=0 limit=5)
      at module.exports.createError (/var/www/kenyon_car_connect/kenyon-car-connect/node_modules/mariadb/lib/misc/errors.js:66:10)
      at PacketNodeEncoded.readError (/var/www/kenyon_car_connect/kenyon-car-connect/node_modules/mariadb/lib/io/packet.js:579:19)
      at Authentication.handshakeResult (/var/www/kenyon_car_connect/kenyon-car-connect/node_modules/mariadb/lib/cmd/handshake/authentication.js:179:32)
      at Authentication.onPacketReceive (/var/www/kenyon_car_connect/kenyon-car-connect/node_modules/mariadb/lib/cmd/handshake/authentication.js:42:17)
      at PacketInputStream.receivePacketBasic (/var/www/kenyon_car_connect/kenyon-car-connect/node_modules/mariadb/lib/io/packet-input-stream.js:85:9)
      at PacketInputStream.onData (/var/www/kenyon_car_connect/kenyon-car-connect/node_modules/mariadb/lib/io/packet-input-stream.js:135:20)
      at Socket.emit (node:events:517:28)
      at addChunk (node:internal/streams/readable:368:12)
      at readableAddChunk (node:internal/streams/readable:341:9)
      at Readable.push (node:internal/streams/readable:278:10) {
    sqlMessage: "Access denied for user 'kenyon_user'@'localhost' (using password: NO)",
    sql: null,
    fatal: true,
    errno: 1045,
    sqlState: '28000',
    code: 'ER_ACCESS_DENIED_ERROR'
  }
}
